[0mGET / [32m200[0m 32.996 ms - 2732[0m
[0mGET /students/data [36m304[0m 54.831 ms - -[0m
[0mGET / [36m304[0m 69.579 ms - -[0m
[0mGET /students/data [36m304[0m 48.701 ms - -[0m
[0mGET / [32m200[0m 49.331 ms - 2784[0m
[0mGET /employees/sign_in [36m304[0m 36.118 ms - -[0m
[0mPOST /employees/create_session [36m302[0m 60.349 ms - 46[0m
[0mGET / [32m200[0m 8.453 ms - 3022[0m
[0mGET /students/data [36m304[0m 29.956 ms - -[0m
[0mGET / [32m200[0m 92.649 ms - 2732[0m
[0mGET /students/data [36m304[0m 56.554 ms - -[0m
[0mGET / [36m304[0m 49.112 ms - -[0m
[0mGET /students/data [36m304[0m 31.119 ms - -[0m
[0mGET / [36m304[0m 72.507 ms - -[0m
[0mGET /students/data [36m304[0m 35.589 ms - -[0m
[0mGET / [36m304[0m 72.423 ms - -[0m
[0mGET /students/data [36m304[0m 84.839 ms - -[0m
[0mGET / [36m304[0m 57.208 ms - -[0m
[0mGET /students/data [36m304[0m 74.304 ms - -[0m
[0mGET / [32m200[0m 47.932 ms - 2784[0m
[0mGET /employees/sign_in [36m304[0m 38.097 ms - -[0m
[0mPOST /employees/create_session [36m302[0m 26.703 ms - 46[0m
[0mGET / [32m200[0m 7.718 ms - 3022[0m
[0mGET /students/data [36m304[0m 75.896 ms - -[0m
[0mGET / [32m200[0m 89.489 ms - 2732[0m
[0mGET /students/data [36m304[0m 78.844 ms - -[0m
[0mGET / [36m304[0m 39.894 ms - -[0m
[0mGET /students/data [36m304[0m 57.242 ms - -[0m
[0mGET / [36m304[0m 88.005 ms - -[0m
[0mGET /students/data [32m200[0m 37.676 ms - 1655[0m
[0mGET /interviews/list [32m200[0m 21.205 ms - 5298[0m
[0mGET /interviews/form [36m304[0m 8.755 ms - -[0m
[0mPOST /interviews/create [36m302[0m 40.806 ms - 76[0m
[0mGET /interviews/list [32m200[0m 9.856 ms - 5952[0m
[0mPOST /interviews/allocation [36m302[0m 25.757 ms - 118[0m
[0mGET /interviews/list [32m200[0m 10.590 ms - 5952[0m
[0mPOST /interviews/allocation [36m302[0m 45.278 ms - 118[0m
[0mGET /interviews/list [36m304[0m 14.373 ms - -[0m
[0mGET / [36m304[0m 22.386 ms - -[0m
[0mGET /students/data [32m200[0m 25.530 ms - 1955[0m
[0mGET /interviews/list [32m200[0m 39.917 ms - 5667[0m
[0mGET /interviews/624dedbbb40211a16b30d22a/students [32m200[0m 14.468 ms - 4447[0m
[0mPOST /students/624dedbbb40211a16b30d22a/update [36m302[0m 27.238 ms - 176[0m
[0mGET /interviews/624dedbbb40211a16b30d22a/students [32m200[0m 11.763 ms - 4798[0m
[0mGET / [36m304[0m 10.110 ms - -[0m
[0mGET /students/data [32m200[0m 46.699 ms - 1970[0m
